info it worked if it ends with ok
verbose cli [ 'node', '/usr/bin/npm', 'start' ]
info using npm@1.1.4
info using node@v0.6.12
verbose config file /home/vagrant/.npmrc
verbose config file /usr/etc/npmrc
verbose config file /usr/share/npm/npmrc
verbose caching /home/vagrant/project/package.json
verbose loadDefaults E-Claims@0.0.1
verbose run-script [ 'prestart', 'start', 'poststart' ]
info prestart E-Claims@0.0.1
info start E-Claims@0.0.1
verbose unsafe-perm in lifecycle true
silly exec sh "-c" "node server.js"
silly spawning [ 'sh', [ '-c', 'node server.js' ], '/home/vagrant/project' ]
info E-Claims@0.0.1 Failed to exec start script
ERR! E-Claims@0.0.1 start: `node server.js`
ERR! `sh "-c" "node server.js"` failed with 1
ERR! 
ERR! Failed at the E-Claims@0.0.1 start script.
ERR! This is most likely a problem with the E-Claims package,
ERR! not with npm itself.
ERR! Tell the author that this fails on your system:
ERR!     node server.js
ERR! You can get their info via:
ERR!     npm owner ls E-Claims
ERR! There is likely additional logging output above.
ERR! 
ERR! System Linux 3.2.0-23-generic-pae
ERR! command "node" "/usr/bin/npm" "start"
ERR! cwd /home/vagrant/project
ERR! node -v v0.6.12
ERR! npm -v 1.1.4
ERR! code ELIFECYCLE
ERR! message E-Claims@0.0.1 start: `node server.js`
ERR! message `sh "-c" "node server.js"` failed with 1
ERR! errno {}
verbose exit [ 1, true ]
